[2020-12-18T11:57:39,936][INFO ][o.e.n.Node               ] [] initializing ...
[2020-12-18T11:57:41,136][INFO ][o.e.e.NodeEnvironment    ] [s5efEs0] using [1] data paths, mounts [[Data (D:)]], net usable_space [838.8gb], net total_space [931.4gb], spins? [unknown], types [NTFS]
[2020-12-18T11:57:41,137][INFO ][o.e.e.NodeEnvironment    ] [s5efEs0] heap size [1.9gb], compressed ordinary object pointers [true]
[2020-12-18T11:57:41,142][INFO ][o.e.n.Node               ] node name [s5efEs0] derived from node ID [s5efEs0MQLak2FZZGGlrvw]; set [node.name] to override
[2020-12-18T11:57:41,143][INFO ][o.e.n.Node               ] version[5.5.2], pid[23080], build[b2f0c09/2017-08-14T12:33:14.154Z], OS[Windows 10/10.0/amd64], JVM[Oracle Corporation/Java HotSpot(TM) 64-Bit Server VM/1.8.0_91/25.91-b15]
[2020-12-18T11:57:41,144][INFO ][o.e.n.Node               ] JVM arguments [-Xms2g, -Xmx2g, -XX:+UseConcMarkSweepGC, -XX:CMSInitiatingOccupancyFraction=75, -XX:+UseCMSInitiatingOccupancyOnly, -XX:+AlwaysPreTouch, -Xss1m, -Djava.awt.headless=true, -Dfile.encoding=UTF-8, -Djna.nosys=true, -Djdk.io.permissionsUseCanonicalPath=true, -Dio.netty.noUnsafe=true, -Dio.netty.noKeySetOptimization=true, -Dio.netty.recycler.maxCapacityPerThread=0, -Dlog4j.shutdownHookEnabled=false, -Dlog4j2.disable.jmx=true, -Dlog4j.skipJansi=true, -XX:+HeapDumpOnOutOfMemoryError, -Delasticsearch, -Des.path.home=D:\Exceptionless.4.1.2861\elasticsearch-5.5.2-node1]
[2020-12-18T11:57:42,531][INFO ][o.e.p.PluginsService     ] [s5efEs0] loaded module [aggs-matrix-stats]
[2020-12-18T11:57:42,531][INFO ][o.e.p.PluginsService     ] [s5efEs0] loaded module [ingest-common]
[2020-12-18T11:57:42,532][INFO ][o.e.p.PluginsService     ] [s5efEs0] loaded module [lang-expression]
[2020-12-18T11:57:42,532][INFO ][o.e.p.PluginsService     ] [s5efEs0] loaded module [lang-groovy]
[2020-12-18T11:57:42,532][INFO ][o.e.p.PluginsService     ] [s5efEs0] loaded module [lang-mustache]
[2020-12-18T11:57:42,532][INFO ][o.e.p.PluginsService     ] [s5efEs0] loaded module [lang-painless]
[2020-12-18T11:57:42,533][INFO ][o.e.p.PluginsService     ] [s5efEs0] loaded module [parent-join]
[2020-12-18T11:57:42,533][INFO ][o.e.p.PluginsService     ] [s5efEs0] loaded module [percolator]
[2020-12-18T11:57:42,533][INFO ][o.e.p.PluginsService     ] [s5efEs0] loaded module [reindex]
[2020-12-18T11:57:42,533][INFO ][o.e.p.PluginsService     ] [s5efEs0] loaded module [transport-netty3]
[2020-12-18T11:57:42,534][INFO ][o.e.p.PluginsService     ] [s5efEs0] loaded module [transport-netty4]
[2020-12-18T11:57:42,534][INFO ][o.e.p.PluginsService     ] [s5efEs0] loaded plugin [mapper-size]
[2020-12-18T11:57:46,203][INFO ][o.e.d.DiscoveryModule    ] [s5efEs0] using discovery type [zen]
[2020-12-18T11:57:46,703][INFO ][o.e.n.Node               ] initialized
[2020-12-18T11:57:46,704][INFO ][o.e.n.Node               ] [s5efEs0] starting ...
[2020-12-18T11:57:52,183][INFO ][o.e.t.TransportService   ] [s5efEs0] publish_address {127.0.0.1:9300}, bound_addresses {127.0.0.1:9300}, {[::1]:9300}
[2020-12-18T11:57:55,243][INFO ][o.e.c.s.ClusterService   ] [s5efEs0] new_master {s5efEs0}{s5efEs0MQLak2FZZGGlrvw}{6eb_ume0RUOqRotsZ5lnKA}{127.0.0.1}{127.0.0.1:9300}, reason: zen-disco-elected-as-master ([0] nodes joined)
[2020-12-18T11:57:55,420][INFO ][o.e.g.GatewayService     ] [s5efEs0] recovered [0] indices into cluster_state
[2020-12-18T11:57:58,637][INFO ][o.e.h.n.Netty4HttpServerTransport] [s5efEs0] publish_address {127.0.0.1:9200}, bound_addresses {127.0.0.1:9200}, {[::1]:9200}
[2020-12-18T11:57:58,638][INFO ][o.e.n.Node               ] [s5efEs0] started
[2020-12-18T12:58:59,879][WARN ][o.e.h.n.Netty4HttpServerTransport] [s5efEs0] caught exception while handling client http traffic, closing connection [id: 0x4ce40a28, L:/127.0.0.1:9200 - R:/127.0.0.1:57343]
java.io.IOException: 远程主机强迫关闭了一个现有的连接。
	at sun.nio.ch.SocketDispatcher.read0(Native Method) ~[?:?]
	at sun.nio.ch.SocketDispatcher.read(SocketDispatcher.java:43) ~[?:?]
	at sun.nio.ch.IOUtil.readIntoNativeBuffer(IOUtil.java:223) ~[?:?]
	at sun.nio.ch.IOUtil.read(IOUtil.java:197) ~[?:?]
	at sun.nio.ch.SocketChannelImpl.read(SocketChannelImpl.java:380) ~[?:?]
	at io.netty.buffer.PooledHeapByteBuf.setBytes(PooledHeapByteBuf.java:261) ~[netty-buffer-4.1.11.Final.jar:4.1.11.Final]
	at io.netty.buffer.AbstractByteBuf.writeBytes(AbstractByteBuf.java:1100) ~[netty-buffer-4.1.11.Final.jar:4.1.11.Final]
	at io.netty.channel.socket.nio.NioSocketChannel.doReadBytes(NioSocketChannel.java:372) ~[netty-transport-4.1.11.Final.jar:4.1.11.Final]
	at io.netty.channel.nio.AbstractNioByteChannel$NioByteUnsafe.read(AbstractNioByteChannel.java:123) [netty-transport-4.1.11.Final.jar:4.1.11.Final]
	at io.netty.channel.nio.NioEventLoop.processSelectedKey(NioEventLoop.java:644) [netty-transport-4.1.11.Final.jar:4.1.11.Final]
	at io.netty.channel.nio.NioEventLoop.processSelectedKeysPlain(NioEventLoop.java:544) [netty-transport-4.1.11.Final.jar:4.1.11.Final]
	at io.netty.channel.nio.NioEventLoop.processSelectedKeys(NioEventLoop.java:498) [netty-transport-4.1.11.Final.jar:4.1.11.Final]
	at io.netty.channel.nio.NioEventLoop.run(NioEventLoop.java:458) [netty-transport-4.1.11.Final.jar:4.1.11.Final]
	at io.netty.util.concurrent.SingleThreadEventExecutor$5.run(SingleThreadEventExecutor.java:858) [netty-common-4.1.11.Final.jar:4.1.11.Final]
	at java.lang.Thread.run(Thread.java:745) [?:1.8.0_91]
[2020-12-18T12:59:09,338][INFO ][o.e.c.m.MetaDataCreateIndexService] [s5efEs0] [stacks-v1] creating index, cause [api], templates [], shards [1]/[0], mappings [stacks]
[2020-12-18T12:59:10,016][INFO ][o.e.c.r.a.AllocationService] [s5efEs0] Cluster health status changed from [YELLOW] to [GREEN] (reason: [shards started [[stacks-v1][0]] ...]).
[2020-12-18T12:59:11,048][INFO ][o.e.c.m.MetaDataCreateIndexService] [s5efEs0] [organizations-v1] creating index, cause [api], templates [], shards [1]/[0], mappings [webhook, organization, project, user, token]
[2020-12-18T12:59:11,625][INFO ][o.e.c.r.a.AllocationService] [s5efEs0] Cluster health status changed from [YELLOW] to [GREEN] (reason: [shards started [[organizations-v1][0]] ...]).
[2020-12-18T13:14:14,615][WARN ][o.e.i.r.TransportDeleteByQueryAction] [s5efEs0] giving up on search because it failed with a non-retryable exception
org.elasticsearch.index.IndexNotFoundException: no such index
	at org.elasticsearch.cluster.metadata.IndexNameExpressionResolver$WildcardExpressionResolver.infe(IndexNameExpressionResolver.java:676) ~[elasticsearch-5.5.2.jar:5.5.2]
	at org.elasticsearch.cluster.metadata.IndexNameExpressionResolver$WildcardExpressionResolver.innerResolve(IndexNameExpressionResolver.java:630) ~[elasticsearch-5.5.2.jar:5.5.2]
	at org.elasticsearch.cluster.metadata.IndexNameExpressionResolver$WildcardExpressionResolver.resolve(IndexNameExpressionResolver.java:578) ~[elasticsearch-5.5.2.jar:5.5.2]
	at org.elasticsearch.cluster.metadata.IndexNameExpressionResolver.concreteIndices(IndexNameExpressionResolver.java:168) ~[elasticsearch-5.5.2.jar:5.5.2]
	at org.elasticsearch.cluster.metadata.IndexNameExpressionResolver.concreteIndices(IndexNameExpressionResolver.java:140) ~[elasticsearch-5.5.2.jar:5.5.2]
	at org.elasticsearch.action.search.TransportSearchAction.executeSearch(TransportSearchAction.java:263) ~[elasticsearch-5.5.2.jar:5.5.2]
	at org.elasticsearch.action.search.TransportSearchAction.doExecute(TransportSearchAction.java:186) ~[elasticsearch-5.5.2.jar:5.5.2]
	at org.elasticsearch.action.search.TransportSearchAction.doExecute(TransportSearchAction.java:65) ~[elasticsearch-5.5.2.jar:5.5.2]
	at org.elasticsearch.action.support.TransportAction$RequestFilterChain.proceed(TransportAction.java:170) ~[elasticsearch-5.5.2.jar:5.5.2]
	at org.elasticsearch.action.support.TransportAction.execute(TransportAction.java:142) ~[elasticsearch-5.5.2.jar:5.5.2]
	at org.elasticsearch.action.support.TransportAction.execute(TransportAction.java:84) ~[elasticsearch-5.5.2.jar:5.5.2]
	at org.elasticsearch.client.node.NodeClient.executeLocally(NodeClient.java:83) ~[elasticsearch-5.5.2.jar:5.5.2]
	at org.elasticsearch.client.node.NodeClient.doExecute(NodeClient.java:72) ~[elasticsearch-5.5.2.jar:5.5.2]
	at org.elasticsearch.client.support.AbstractClient.execute(AbstractClient.java:408) ~[elasticsearch-5.5.2.jar:5.5.2]
	at org.elasticsearch.client.FilterClient.doExecute(FilterClient.java:67) ~[elasticsearch-5.5.2.jar:5.5.2]
	at org.elasticsearch.client.ParentTaskAssigningClient.doExecute(ParentTaskAssigningClient.java:66) ~[elasticsearch-5.5.2.jar:5.5.2]
	at org.elasticsearch.client.support.AbstractClient.execute(AbstractClient.java:408) ~[elasticsearch-5.5.2.jar:5.5.2]
	at org.elasticsearch.client.support.AbstractClient.search(AbstractClient.java:535) ~[elasticsearch-5.5.2.jar:5.5.2]
	at org.elasticsearch.index.reindex.ClientScrollableHitSource.lambda$doStart$0(ClientScrollableHitSource.java:81) ~[elasticsearch-5.5.2.jar:5.5.2]
	at org.elasticsearch.index.reindex.ClientScrollableHitSource$1RetryHelper.doRun(ClientScrollableHitSource.java:146) ~[elasticsearch-5.5.2.jar:5.5.2]
	at org.elasticsearch.common.util.concurrent.AbstractRunnable.run(AbstractRunnable.java:37) ~[elasticsearch-5.5.2.jar:5.5.2]
	at org.elasticsearch.index.reindex.ClientScrollableHitSource.searchWithRetry(ClientScrollableHitSource.java:178) ~[elasticsearch-5.5.2.jar:5.5.2]
	at org.elasticsearch.index.reindex.ClientScrollableHitSource.doStart(ClientScrollableHitSource.java:81) ~[elasticsearch-5.5.2.jar:5.5.2]
	at org.elasticsearch.index.reindex.ScrollableHitSource.start(ScrollableHitSource.java:69) ~[elasticsearch-5.5.2.jar:5.5.2]
	at org.elasticsearch.index.reindex.AbstractAsyncBulkByScrollAction.start(AbstractAsyncBulkByScrollAction.java:246) ~[?:?]
	at org.elasticsearch.index.reindex.TransportDeleteByQueryAction.doExecute(TransportDeleteByQueryAction.java:61) ~[?:?]
	at org.elasticsearch.index.reindex.TransportDeleteByQueryAction.doExecute(TransportDeleteByQueryAction.java:37) ~[?:?]
	at org.elasticsearch.action.support.TransportAction$RequestFilterChain.proceed(TransportAction.java:170) ~[elasticsearch-5.5.2.jar:5.5.2]
	at org.elasticsearch.action.support.TransportAction.execute(TransportAction.java:142) ~[elasticsearch-5.5.2.jar:5.5.2]
	at org.elasticsearch.action.support.TransportAction.execute(TransportAction.java:84) ~[elasticsearch-5.5.2.jar:5.5.2]
	at org.elasticsearch.client.node.NodeClient.executeLocally(NodeClient.java:83) ~[elasticsearch-5.5.2.jar:5.5.2]
	at org.elasticsearch.index.reindex.AbstractBaseReindexRestHandler.lambda$doPrepareRequest$0(AbstractBaseReindexRestHandler.java:62) ~[?:?]
	at org.elasticsearch.rest.BaseRestHandler.handleRequest(BaseRestHandler.java:80) [elasticsearch-5.5.2.jar:5.5.2]
	at org.elasticsearch.rest.RestController.dispatchRequest(RestController.java:262) [elasticsearch-5.5.2.jar:5.5.2]
	at org.elasticsearch.rest.RestController.dispatchRequest(RestController.java:200) [elasticsearch-5.5.2.jar:5.5.2]
	at org.elasticsearch.http.netty4.Netty4HttpServerTransport.dispatchRequest(Netty4HttpServerTransport.java:505) [transport-netty4-5.5.2.jar:5.5.2]
	at org.elasticsearch.http.netty4.Netty4HttpRequestHandler.channelRead0(Netty4HttpRequestHandler.java:72) [transport-netty4-5.5.2.jar:5.5.2]
	at io.netty.channel.SimpleChannelInboundHandler.channelRead(SimpleChannelInboundHandler.java:105) [netty-transport-4.1.11.Final.jar:4.1.11.Final]
	at io.netty.channel.AbstractChannelHandlerContext.invokeChannelRead(AbstractChannelHandlerContext.java:362) [netty-transport-4.1.11.Final.jar:4.1.11.Final]
	at io.netty.channel.AbstractChannelHandlerContext.invokeChannelRead(AbstractChannelHandlerContext.java:348) [netty-transport-4.1.11.Final.jar:4.1.11.Final]
	at io.netty.channel.AbstractChannelHandlerContext.fireChannelRead(AbstractChannelHandlerContext.java:340) [netty-transport-4.1.11.Final.jar:4.1.11.Final]
	at org.elasticsearch.http.netty4.pipelining.HttpPipeliningHandler.channelRead(HttpPipeliningHandler.java:63) [transport-netty4-5.5.2.jar:5.5.2]
	at io.netty.channel.AbstractChannelHandlerContext.invokeChannelRead(AbstractChannelHandlerContext.java:362) [netty-transport-4.1.11.Final.jar:4.1.11.Final]
	at io.netty.channel.AbstractChannelHandlerContext.invokeChannelRead(AbstractChannelHandlerContext.java:348) [netty-transport-4.1.11.Final.jar:4.1.11.Final]
	at io.netty.channel.AbstractChannelHandlerContext.fireChannelRead(AbstractChannelHandlerContext.java:340) [netty-transport-4.1.11.Final.jar:4.1.11.Final]
	at io.netty.handler.codec.MessageToMessageDecoder.channelRead(MessageToMessageDecoder.java:102) [netty-codec-4.1.11.Final.jar:4.1.11.Final]
	at io.netty.handler.codec.MessageToMessageCodec.channelRead(MessageToMessageCodec.java:111) [netty-codec-4.1.11.Final.jar:4.1.11.Final]
	at io.netty.channel.AbstractChannelHandlerContext.invokeChannelRead(AbstractChannelHandlerContext.java:362) [netty-transport-4.1.11.Final.jar:4.1.11.Final]
	at io.netty.channel.AbstractChannelHandlerContext.invokeChannelRead(AbstractChannelHandlerContext.java:348) [netty-transport-4.1.11.Final.jar:4.1.11.Final]
	at io.netty.channel.AbstractChannelHandlerContext.fireChannelRead(AbstractChannelHandlerContext.java:340) [netty-transport-4.1.11.Final.jar:4.1.11.Final]
	at io.netty.handler.codec.MessageToMessageDecoder.channelRead(MessageToMessageDecoder.java:102) [netty-codec-4.1.11.Final.jar:4.1.11.Final]
	at io.netty.channel.AbstractChannelHandlerContext.invokeChannelRead(AbstractChannelHandlerContext.java:362) [netty-transport-4.1.11.Final.jar:4.1.11.Final]
	at io.netty.channel.AbstractChannelHandlerContext.invokeChannelRead(AbstractChannelHandlerContext.java:348) [netty-transport-4.1.11.Final.jar:4.1.11.Final]
	at io.netty.channel.AbstractChannelHandlerContext.fireChannelRead(AbstractChannelHandlerContext.java:340) [netty-transport-4.1.11.Final.jar:4.1.11.Final]
	at io.netty.handler.codec.MessageToMessageDecoder.channelRead(MessageToMessageDecoder.java:102) [netty-codec-4.1.11.Final.jar:4.1.11.Final]
	at io.netty.channel.AbstractChannelHandlerContext.invokeChannelRead(AbstractChannelHandlerContext.java:362) [netty-transport-4.1.11.Final.jar:4.1.11.Final]
	at io.netty.channel.AbstractChannelHandlerContext.invokeChannelRead(AbstractChannelHandlerContext.java:348) [netty-transport-4.1.11.Final.jar:4.1.11.Final]
	at io.netty.channel.AbstractChannelHandlerContext.fireChannelRead(AbstractChannelHandlerContext.java:340) [netty-transport-4.1.11.Final.jar:4.1.11.Final]
	at io.netty.handler.codec.ByteToMessageDecoder.fireChannelRead(ByteToMessageDecoder.java:310) [netty-codec-4.1.11.Final.jar:4.1.11.Final]
	at io.netty.handler.codec.ByteToMessageDecoder.channelRead(ByteToMessageDecoder.java:284) [netty-codec-4.1.11.Final.jar:4.1.11.Final]
	at io.netty.channel.AbstractChannelHandlerContext.invokeChannelRead(AbstractChannelHandlerContext.java:362) [netty-transport-4.1.11.Final.jar:4.1.11.Final]
	at io.netty.channel.AbstractChannelHandlerContext.invokeChannelRead(AbstractChannelHandlerContext.java:348) [netty-transport-4.1.11.Final.jar:4.1.11.Final]
	at io.netty.channel.AbstractChannelHandlerContext.fireChannelRead(AbstractChannelHandlerContext.java:340) [netty-transport-4.1.11.Final.jar:4.1.11.Final]
	at io.netty.channel.ChannelInboundHandlerAdapter.channelRead(ChannelInboundHandlerAdapter.java:86) [netty-transport-4.1.11.Final.jar:4.1.11.Final]
	at io.netty.channel.AbstractChannelHandlerContext.invokeChannelRead(AbstractChannelHandlerContext.java:362) [netty-transport-4.1.11.Final.jar:4.1.11.Final]
	at io.netty.channel.AbstractChannelHandlerContext.invokeChannelRead(AbstractChannelHandlerContext.java:348) [netty-transport-4.1.11.Final.jar:4.1.11.Final]
	at io.netty.channel.AbstractChannelHandlerContext.fireChannelRead(AbstractChannelHandlerContext.java:340) [netty-transport-4.1.11.Final.jar:4.1.11.Final]
	at io.netty.channel.DefaultChannelPipeline$HeadContext.channelRead(DefaultChannelPipeline.java:1334) [netty-transport-4.1.11.Final.jar:4.1.11.Final]
	at io.netty.channel.AbstractChannelHandlerContext.invokeChannelRead(AbstractChannelHandlerContext.java:362) [netty-transport-4.1.11.Final.jar:4.1.11.Final]
	at io.netty.channel.AbstractChannelHandlerContext.invokeChannelRead(AbstractChannelHandlerContext.java:348) [netty-transport-4.1.11.Final.jar:4.1.11.Final]
	at io.netty.channel.DefaultChannelPipeline.fireChannelRead(DefaultChannelPipeline.java:926) [netty-transport-4.1.11.Final.jar:4.1.11.Final]
	at io.netty.channel.nio.AbstractNioByteChannel$NioByteUnsafe.read(AbstractNioByteChannel.java:134) [netty-transport-4.1.11.Final.jar:4.1.11.Final]
	at io.netty.channel.nio.NioEventLoop.processSelectedKey(NioEventLoop.java:644) [netty-transport-4.1.11.Final.jar:4.1.11.Final]
	at io.netty.channel.nio.NioEventLoop.processSelectedKeysPlain(NioEventLoop.java:544) [netty-transport-4.1.11.Final.jar:4.1.11.Final]
	at io.netty.channel.nio.NioEventLoop.processSelectedKeys(NioEventLoop.java:498) [netty-transport-4.1.11.Final.jar:4.1.11.Final]
	at io.netty.channel.nio.NioEventLoop.run(NioEventLoop.java:458) [netty-transport-4.1.11.Final.jar:4.1.11.Final]
	at io.netty.util.concurrent.SingleThreadEventExecutor$5.run(SingleThreadEventExecutor.java:858) [netty-common-4.1.11.Final.jar:4.1.11.Final]
	at java.lang.Thread.run(Thread.java:745) [?:1.8.0_91]
[2020-12-18T13:14:19,667][WARN ][o.e.i.r.TransportDeleteByQueryAction] [s5efEs0] giving up on search because it failed with a non-retryable exception
org.elasticsearch.index.IndexNotFoundException: no such index
	at org.elasticsearch.cluster.metadata.IndexNameExpressionResolver$WildcardExpressionResolver.infe(IndexNameExpressionResolver.java:676) ~[elasticsearch-5.5.2.jar:5.5.2]
	at org.elasticsearch.cluster.metadata.IndexNameExpressionResolver$WildcardExpressionResolver.innerResolve(IndexNameExpressionResolver.java:630) ~[elasticsearch-5.5.2.jar:5.5.2]
	at org.elasticsearch.cluster.metadata.IndexNameExpressionResolver$WildcardExpressionResolver.resolve(IndexNameExpressionResolver.java:578) ~[elasticsearch-5.5.2.jar:5.5.2]
	at org.elasticsearch.cluster.metadata.IndexNameExpressionResolver.concreteIndices(IndexNameExpressionResolver.java:168) ~[elasticsearch-5.5.2.jar:5.5.2]
	at org.elasticsearch.cluster.metadata.IndexNameExpressionResolver.concreteIndices(IndexNameExpressionResolver.java:140) ~[elasticsearch-5.5.2.jar:5.5.2]
	at org.elasticsearch.action.search.TransportSearchAction.executeSearch(TransportSearchAction.java:263) ~[elasticsearch-5.5.2.jar:5.5.2]
	at org.elasticsearch.action.search.TransportSearchAction.doExecute(TransportSearchAction.java:186) ~[elasticsearch-5.5.2.jar:5.5.2]
	at org.elasticsearch.action.search.TransportSearchAction.doExecute(TransportSearchAction.java:65) ~[elasticsearch-5.5.2.jar:5.5.2]
	at org.elasticsearch.action.support.TransportAction$RequestFilterChain.proceed(TransportAction.java:170) ~[elasticsearch-5.5.2.jar:5.5.2]
	at org.elasticsearch.action.support.TransportAction.execute(TransportAction.java:142) ~[elasticsearch-5.5.2.jar:5.5.2]
	at org.elasticsearch.action.support.TransportAction.execute(TransportAction.java:84) ~[elasticsearch-5.5.2.jar:5.5.2]
	at org.elasticsearch.client.node.NodeClient.executeLocally(NodeClient.java:83) ~[elasticsearch-5.5.2.jar:5.5.2]
	at org.elasticsearch.client.node.NodeClient.doExecute(NodeClient.java:72) ~[elasticsearch-5.5.2.jar:5.5.2]
	at org.elasticsearch.client.support.AbstractClient.execute(AbstractClient.java:408) ~[elasticsearch-5.5.2.jar:5.5.2]
	at org.elasticsearch.client.FilterClient.doExecute(FilterClient.java:67) ~[elasticsearch-5.5.2.jar:5.5.2]
	at org.elasticsearch.client.ParentTaskAssigningClient.doExecute(ParentTaskAssigningClient.java:66) ~[elasticsearch-5.5.2.jar:5.5.2]
	at org.elasticsearch.client.support.AbstractClient.execute(AbstractClient.java:408) ~[elasticsearch-5.5.2.jar:5.5.2]
	at org.elasticsearch.client.support.AbstractClient.search(AbstractClient.java:535) ~[elasticsearch-5.5.2.jar:5.5.2]
	at org.elasticsearch.index.reindex.ClientScrollableHitSource.lambda$doStart$0(ClientScrollableHitSource.java:81) ~[elasticsearch-5.5.2.jar:5.5.2]
	at org.elasticsearch.index.reindex.ClientScrollableHitSource$1RetryHelper.doRun(ClientScrollableHitSource.java:146) ~[elasticsearch-5.5.2.jar:5.5.2]
	at org.elasticsearch.common.util.concurrent.AbstractRunnable.run(AbstractRunnable.java:37) ~[elasticsearch-5.5.2.jar:5.5.2]
	at org.elasticsearch.index.reindex.ClientScrollableHitSource.searchWithRetry(ClientScrollableHitSource.java:178) ~[elasticsearch-5.5.2.jar:5.5.2]
	at org.elasticsearch.index.reindex.ClientScrollableHitSource.doStart(ClientScrollableHitSource.java:81) ~[elasticsearch-5.5.2.jar:5.5.2]
	at org.elasticsearch.index.reindex.ScrollableHitSource.start(ScrollableHitSource.java:69) ~[elasticsearch-5.5.2.jar:5.5.2]
	at org.elasticsearch.index.reindex.AbstractAsyncBulkByScrollAction.start(AbstractAsyncBulkByScrollAction.java:246) ~[?:?]
	at org.elasticsearch.index.reindex.TransportDeleteByQueryAction.doExecute(TransportDeleteByQueryAction.java:61) ~[?:?]
	at org.elasticsearch.index.reindex.TransportDeleteByQueryAction.doExecute(TransportDeleteByQueryAction.java:37) ~[?:?]
	at org.elasticsearch.action.support.TransportAction$RequestFilterChain.proceed(TransportAction.java:170) ~[elasticsearch-5.5.2.jar:5.5.2]
	at org.elasticsearch.action.support.TransportAction.execute(TransportAction.java:142) ~[elasticsearch-5.5.2.jar:5.5.2]
	at org.elasticsearch.action.support.TransportAction.execute(TransportAction.java:84) ~[elasticsearch-5.5.2.jar:5.5.2]
	at org.elasticsearch.client.node.NodeClient.executeLocally(NodeClient.java:83) ~[elasticsearch-5.5.2.jar:5.5.2]
	at org.elasticsearch.index.reindex.AbstractBaseReindexRestHandler.lambda$doPrepareRequest$0(AbstractBaseReindexRestHandler.java:62) ~[?:?]
	at org.elasticsearch.rest.BaseRestHandler.handleRequest(BaseRestHandler.java:80) [elasticsearch-5.5.2.jar:5.5.2]
	at org.elasticsearch.rest.RestController.dispatchRequest(RestController.java:262) [elasticsearch-5.5.2.jar:5.5.2]
	at org.elasticsearch.rest.RestController.dispatchRequest(RestController.java:200) [elasticsearch-5.5.2.jar:5.5.2]
	at org.elasticsearch.http.netty4.Netty4HttpServerTransport.dispatchRequest(Netty4HttpServerTransport.java:505) [transport-netty4-5.5.2.jar:5.5.2]
	at org.elasticsearch.http.netty4.Netty4HttpRequestHandler.channelRead0(Netty4HttpRequestHandler.java:72) [transport-netty4-5.5.2.jar:5.5.2]
	at io.netty.channel.SimpleChannelInboundHandler.channelRead(SimpleChannelInboundHandler.java:105) [netty-transport-4.1.11.Final.jar:4.1.11.Final]
	at io.netty.channel.AbstractChannelHandlerContext.invokeChannelRead(AbstractChannelHandlerContext.java:362) [netty-transport-4.1.11.Final.jar:4.1.11.Final]
	at io.netty.channel.AbstractChannelHandlerContext.invokeChannelRead(AbstractChannelHandlerContext.java:348) [netty-transport-4.1.11.Final.jar:4.1.11.Final]
	at io.netty.channel.AbstractChannelHandlerContext.fireChannelRead(AbstractChannelHandlerContext.java:340) [netty-transport-4.1.11.Final.jar:4.1.11.Final]
	at org.elasticsearch.http.netty4.pipelining.HttpPipeliningHandler.channelRead(HttpPipeliningHandler.java:63) [transport-netty4-5.5.2.jar:5.5.2]
	at io.netty.channel.AbstractChannelHandlerContext.invokeChannelRead(AbstractChannelHandlerContext.java:362) [netty-transport-4.1.11.Final.jar:4.1.11.Final]
	at io.netty.channel.AbstractChannelHandlerContext.invokeChannelRead(AbstractChannelHandlerContext.java:348) [netty-transport-4.1.11.Final.jar:4.1.11.Final]
	at io.netty.channel.AbstractChannelHandlerContext.fireChannelRead(AbstractChannelHandlerContext.java:340) [netty-transport-4.1.11.Final.jar:4.1.11.Final]
	at io.netty.handler.codec.MessageToMessageDecoder.channelRead(MessageToMessageDecoder.java:102) [netty-codec-4.1.11.Final.jar:4.1.11.Final]
	at io.netty.handler.codec.MessageToMessageCodec.channelRead(MessageToMessageCodec.java:111) [netty-codec-4.1.11.Final.jar:4.1.11.Final]
	at io.netty.channel.AbstractChannelHandlerContext.invokeChannelRead(AbstractChannelHandlerContext.java:362) [netty-transport-4.1.11.Final.jar:4.1.11.Final]
	at io.netty.channel.AbstractChannelHandlerContext.invokeChannelRead(AbstractChannelHandlerContext.java:348) [netty-transport-4.1.11.Final.jar:4.1.11.Final]
	at io.netty.channel.AbstractChannelHandlerContext.fireChannelRead(AbstractChannelHandlerContext.java:340) [netty-transport-4.1.11.Final.jar:4.1.11.Final]
	at io.netty.handler.codec.MessageToMessageDecoder.channelRead(MessageToMessageDecoder.java:102) [netty-codec-4.1.11.Final.jar:4.1.11.Final]
	at io.netty.channel.AbstractChannelHandlerContext.invokeChannelRead(AbstractChannelHandlerContext.java:362) [netty-transport-4.1.11.Final.jar:4.1.11.Final]
	at io.netty.channel.AbstractChannelHandlerContext.invokeChannelRead(AbstractChannelHandlerContext.java:348) [netty-transport-4.1.11.Final.jar:4.1.11.Final]
	at io.netty.channel.AbstractChannelHandlerContext.fireChannelRead(AbstractChannelHandlerContext.java:340) [netty-transport-4.1.11.Final.jar:4.1.11.Final]
	at io.netty.handler.codec.MessageToMessageDecoder.channelRead(MessageToMessageDecoder.java:102) [netty-codec-4.1.11.Final.jar:4.1.11.Final]
	at io.netty.channel.AbstractChannelHandlerContext.invokeChannelRead(AbstractChannelHandlerContext.java:362) [netty-transport-4.1.11.Final.jar:4.1.11.Final]
	at io.netty.channel.AbstractChannelHandlerContext.invokeChannelRead(AbstractChannelHandlerContext.java:348) [netty-transport-4.1.11.Final.jar:4.1.11.Final]
	at io.netty.channel.AbstractChannelHandlerContext.fireChannelRead(AbstractChannelHandlerContext.java:340) [netty-transport-4.1.11.Final.jar:4.1.11.Final]
	at io.netty.handler.codec.ByteToMessageDecoder.fireChannelRead(ByteToMessageDecoder.java:310) [netty-codec-4.1.11.Final.jar:4.1.11.Final]
	at io.netty.handler.codec.ByteToMessageDecoder.channelRead(ByteToMessageDecoder.java:284) [netty-codec-4.1.11.Final.jar:4.1.11.Final]
	at io.netty.channel.AbstractChannelHandlerContext.invokeChannelRead(AbstractChannelHandlerContext.java:362) [netty-transport-4.1.11.Final.jar:4.1.11.Final]
	at io.netty.channel.AbstractChannelHandlerContext.invokeChannelRead(AbstractChannelHandlerContext.java:348) [netty-transport-4.1.11.Final.jar:4.1.11.Final]
	at io.netty.channel.AbstractChannelHandlerContext.fireChannelRead(AbstractChannelHandlerContext.java:340) [netty-transport-4.1.11.Final.jar:4.1.11.Final]
	at io.netty.channel.ChannelInboundHandlerAdapter.channelRead(ChannelInboundHandlerAdapter.java:86) [netty-transport-4.1.11.Final.jar:4.1.11.Final]
	at io.netty.channel.AbstractChannelHandlerContext.invokeChannelRead(AbstractChannelHandlerContext.java:362) [netty-transport-4.1.11.Final.jar:4.1.11.Final]
	at io.netty.channel.AbstractChannelHandlerContext.invokeChannelRead(AbstractChannelHandlerContext.java:348) [netty-transport-4.1.11.Final.jar:4.1.11.Final]
	at io.netty.channel.AbstractChannelHandlerContext.fireChannelRead(AbstractChannelHandlerContext.java:340) [netty-transport-4.1.11.Final.jar:4.1.11.Final]
	at io.netty.channel.DefaultChannelPipeline$HeadContext.channelRead(DefaultChannelPipeline.java:1334) [netty-transport-4.1.11.Final.jar:4.1.11.Final]
	at io.netty.channel.AbstractChannelHandlerContext.invokeChannelRead(AbstractChannelHandlerContext.java:362) [netty-transport-4.1.11.Final.jar:4.1.11.Final]
	at io.netty.channel.AbstractChannelHandlerContext.invokeChannelRead(AbstractChannelHandlerContext.java:348) [netty-transport-4.1.11.Final.jar:4.1.11.Final]
	at io.netty.channel.DefaultChannelPipeline.fireChannelRead(DefaultChannelPipeline.java:926) [netty-transport-4.1.11.Final.jar:4.1.11.Final]
	at io.netty.channel.nio.AbstractNioByteChannel$NioByteUnsafe.read(AbstractNioByteChannel.java:134) [netty-transport-4.1.11.Final.jar:4.1.11.Final]
	at io.netty.channel.nio.NioEventLoop.processSelectedKey(NioEventLoop.java:644) [netty-transport-4.1.11.Final.jar:4.1.11.Final]
	at io.netty.channel.nio.NioEventLoop.processSelectedKeysPlain(NioEventLoop.java:544) [netty-transport-4.1.11.Final.jar:4.1.11.Final]
	at io.netty.channel.nio.NioEventLoop.processSelectedKeys(NioEventLoop.java:498) [netty-transport-4.1.11.Final.jar:4.1.11.Final]
	at io.netty.channel.nio.NioEventLoop.run(NioEventLoop.java:458) [netty-transport-4.1.11.Final.jar:4.1.11.Final]
	at io.netty.util.concurrent.SingleThreadEventExecutor$5.run(SingleThreadEventExecutor.java:858) [netty-common-4.1.11.Final.jar:4.1.11.Final]
	at java.lang.Thread.run(Thread.java:745) [?:1.8.0_91]
[2020-12-18T18:09:21,883][INFO ][o.e.n.Node               ] [] initializing ...
[2020-12-18T18:09:21,905][ERROR][o.e.b.Bootstrap          ] Exception
java.lang.IllegalStateException: failed to obtain node locks, tried [[D:\Exceptionless.4.1.2861\elasticsearch-5.5.2-node1\data\exceptionless]] with lock id [0]; maybe these locations are not writable or multiple nodes were started without increasing [node.max_local_storage_nodes] (was [1])?
	at org.elasticsearch.env.NodeEnvironment.<init>(NodeEnvironment.java:261) ~[elasticsearch-5.5.2.jar:5.5.2]
	at org.elasticsearch.node.Node.<init>(Node.java:264) ~[elasticsearch-5.5.2.jar:5.5.2]
	at org.elasticsearch.node.Node.<init>(Node.java:244) ~[elasticsearch-5.5.2.jar:5.5.2]
	at org.elasticsearch.bootstrap.Bootstrap$5.<init>(Bootstrap.java:232) ~[elasticsearch-5.5.2.jar:5.5.2]
	at org.elasticsearch.bootstrap.Bootstrap.setup(Bootstrap.java:232) ~[elasticsearch-5.5.2.jar:5.5.2]
	at org.elasticsearch.bootstrap.Bootstrap.init(Bootstrap.java:351) [elasticsearch-5.5.2.jar:5.5.2]
	at org.elasticsearch.bootstrap.Elasticsearch.init(Elasticsearch.java:123) [elasticsearch-5.5.2.jar:5.5.2]
	at org.elasticsearch.bootstrap.Elasticsearch.execute(Elasticsearch.java:114) [elasticsearch-5.5.2.jar:5.5.2]
	at org.elasticsearch.cli.EnvironmentAwareCommand.execute(EnvironmentAwareCommand.java:67) [elasticsearch-5.5.2.jar:5.5.2]
	at org.elasticsearch.cli.Command.mainWithoutErrorHandling(Command.java:122) [elasticsearch-5.5.2.jar:5.5.2]
	at org.elasticsearch.cli.Command.main(Command.java:88) [elasticsearch-5.5.2.jar:5.5.2]
	at org.elasticsearch.bootstrap.Elasticsearch.main(Elasticsearch.java:91) [elasticsearch-5.5.2.jar:5.5.2]
	at org.elasticsearch.bootstrap.Elasticsearch.main(Elasticsearch.java:84) [elasticsearch-5.5.2.jar:5.5.2]
[2020-12-18T18:09:21,915][WARN ][o.e.b.ElasticsearchUncaughtExceptionHandler] [] uncaught exception in thread [main]
org.elasticsearch.bootstrap.StartupException: java.lang.IllegalStateException: failed to obtain node locks, tried [[D:\Exceptionless.4.1.2861\elasticsearch-5.5.2-node1\data\exceptionless]] with lock id [0]; maybe these locations are not writable or multiple nodes were started without increasing [node.max_local_storage_nodes] (was [1])?
	at org.elasticsearch.bootstrap.Elasticsearch.init(Elasticsearch.java:127) ~[elasticsearch-5.5.2.jar:5.5.2]
	at org.elasticsearch.bootstrap.Elasticsearch.execute(Elasticsearch.java:114) ~[elasticsearch-5.5.2.jar:5.5.2]
	at org.elasticsearch.cli.EnvironmentAwareCommand.execute(EnvironmentAwareCommand.java:67) ~[elasticsearch-5.5.2.jar:5.5.2]
	at org.elasticsearch.cli.Command.mainWithoutErrorHandling(Command.java:122) ~[elasticsearch-5.5.2.jar:5.5.2]
	at org.elasticsearch.cli.Command.main(Command.java:88) ~[elasticsearch-5.5.2.jar:5.5.2]
	at org.elasticsearch.bootstrap.Elasticsearch.main(Elasticsearch.java:91) ~[elasticsearch-5.5.2.jar:5.5.2]
	at org.elasticsearch.bootstrap.Elasticsearch.main(Elasticsearch.java:84) ~[elasticsearch-5.5.2.jar:5.5.2]
Caused by: java.lang.IllegalStateException: failed to obtain node locks, tried [[D:\Exceptionless.4.1.2861\elasticsearch-5.5.2-node1\data\exceptionless]] with lock id [0]; maybe these locations are not writable or multiple nodes were started without increasing [node.max_local_storage_nodes] (was [1])?
	at org.elasticsearch.env.NodeEnvironment.<init>(NodeEnvironment.java:261) ~[elasticsearch-5.5.2.jar:5.5.2]
	at org.elasticsearch.node.Node.<init>(Node.java:264) ~[elasticsearch-5.5.2.jar:5.5.2]
	at org.elasticsearch.node.Node.<init>(Node.java:244) ~[elasticsearch-5.5.2.jar:5.5.2]
	at org.elasticsearch.bootstrap.Bootstrap$5.<init>(Bootstrap.java:232) ~[elasticsearch-5.5.2.jar:5.5.2]
	at org.elasticsearch.bootstrap.Bootstrap.setup(Bootstrap.java:232) ~[elasticsearch-5.5.2.jar:5.5.2]
	at org.elasticsearch.bootstrap.Bootstrap.init(Bootstrap.java:351) ~[elasticsearch-5.5.2.jar:5.5.2]
	at org.elasticsearch.bootstrap.Elasticsearch.init(Elasticsearch.java:123) ~[elasticsearch-5.5.2.jar:5.5.2]
	... 6 more
[2020-12-18T22:28:33,647][INFO ][o.e.n.Node               ] [] initializing ...
[2020-12-18T22:28:33,947][INFO ][o.e.e.NodeEnvironment    ] [s5efEs0] using [1] data paths, mounts [[Data (D:)]], net usable_space [838.6gb], net total_space [931.4gb], spins? [unknown], types [NTFS]
[2020-12-18T22:28:33,947][INFO ][o.e.e.NodeEnvironment    ] [s5efEs0] heap size [1.9gb], compressed ordinary object pointers [true]
[2020-12-18T22:28:34,028][INFO ][o.e.n.Node               ] node name [s5efEs0] derived from node ID [s5efEs0MQLak2FZZGGlrvw]; set [node.name] to override
[2020-12-18T22:28:34,029][INFO ][o.e.n.Node               ] version[5.5.2], pid[4912], build[b2f0c09/2017-08-14T12:33:14.154Z], OS[Windows 10/10.0/amd64], JVM[Oracle Corporation/Java HotSpot(TM) 64-Bit Server VM/1.8.0_91/25.91-b15]
[2020-12-18T22:28:34,030][INFO ][o.e.n.Node               ] JVM arguments [-Xms2g, -Xmx2g, -XX:+UseConcMarkSweepGC, -XX:CMSInitiatingOccupancyFraction=75, -XX:+UseCMSInitiatingOccupancyOnly, -XX:+AlwaysPreTouch, -Xss1m, -Djava.awt.headless=true, -Dfile.encoding=UTF-8, -Djna.nosys=true, -Djdk.io.permissionsUseCanonicalPath=true, -Dio.netty.noUnsafe=true, -Dio.netty.noKeySetOptimization=true, -Dio.netty.recycler.maxCapacityPerThread=0, -Dlog4j.shutdownHookEnabled=false, -Dlog4j2.disable.jmx=true, -Dlog4j.skipJansi=true, -XX:+HeapDumpOnOutOfMemoryError, -Delasticsearch, -Des.path.home=D:\Exceptionless.4.1.2861\elasticsearch-5.5.2-node1]
[2020-12-18T22:28:35,761][INFO ][o.e.p.PluginsService     ] [s5efEs0] loaded module [aggs-matrix-stats]
[2020-12-18T22:28:35,762][INFO ][o.e.p.PluginsService     ] [s5efEs0] loaded module [ingest-common]
[2020-12-18T22:28:35,762][INFO ][o.e.p.PluginsService     ] [s5efEs0] loaded module [lang-expression]
[2020-12-18T22:28:35,762][INFO ][o.e.p.PluginsService     ] [s5efEs0] loaded module [lang-groovy]
[2020-12-18T22:28:35,763][INFO ][o.e.p.PluginsService     ] [s5efEs0] loaded module [lang-mustache]
[2020-12-18T22:28:35,763][INFO ][o.e.p.PluginsService     ] [s5efEs0] loaded module [lang-painless]
[2020-12-18T22:28:35,763][INFO ][o.e.p.PluginsService     ] [s5efEs0] loaded module [parent-join]
[2020-12-18T22:28:35,763][INFO ][o.e.p.PluginsService     ] [s5efEs0] loaded module [percolator]
[2020-12-18T22:28:35,764][INFO ][o.e.p.PluginsService     ] [s5efEs0] loaded module [reindex]
[2020-12-18T22:28:35,764][INFO ][o.e.p.PluginsService     ] [s5efEs0] loaded module [transport-netty3]
[2020-12-18T22:28:35,764][INFO ][o.e.p.PluginsService     ] [s5efEs0] loaded module [transport-netty4]
[2020-12-18T22:28:35,765][INFO ][o.e.p.PluginsService     ] [s5efEs0] loaded plugin [mapper-size]
[2020-12-18T22:28:40,686][INFO ][o.e.d.DiscoveryModule    ] [s5efEs0] using discovery type [zen]
[2020-12-18T22:28:41,220][INFO ][o.e.n.Node               ] initialized
[2020-12-18T22:28:41,221][INFO ][o.e.n.Node               ] [s5efEs0] starting ...
[2020-12-18T22:28:46,878][INFO ][o.e.t.TransportService   ] [s5efEs0] publish_address {127.0.0.1:9300}, bound_addresses {127.0.0.1:9300}, {[::1]:9300}
[2020-12-18T22:28:49,941][INFO ][o.e.c.s.ClusterService   ] [s5efEs0] new_master {s5efEs0}{s5efEs0MQLak2FZZGGlrvw}{4LA83_HMRkOMItXXh41oJw}{127.0.0.1}{127.0.0.1:9300}, reason: zen-disco-elected-as-master ([0] nodes joined)
[2020-12-18T22:28:50,612][INFO ][o.e.g.GatewayService     ] [s5efEs0] recovered [2] indices into cluster_state
[2020-12-18T22:28:51,302][INFO ][o.e.c.r.a.AllocationService] [s5efEs0] Cluster health status changed from [RED] to [GREEN] (reason: [shards started [[organizations-v1][0]] ...]).
[2020-12-18T22:28:53,177][INFO ][o.e.h.n.Netty4HttpServerTransport] [s5efEs0] publish_address {127.0.0.1:9200}, bound_addresses {127.0.0.1:9200}, {[::1]:9200}
[2020-12-18T22:28:53,178][INFO ][o.e.n.Node               ] [s5efEs0] started
[2020-12-18T22:30:30,023][WARN ][o.e.h.n.Netty4HttpServerTransport] [s5efEs0] caught exception while handling client http traffic, closing connection [id: 0x7117e24b, L:/0:0:0:0:0:0:0:1:9200 - R:/0:0:0:0:0:0:0:1:63222]
java.io.IOException: 远程主机强迫关闭了一个现有的连接。
	at sun.nio.ch.SocketDispatcher.read0(Native Method) ~[?:?]
	at sun.nio.ch.SocketDispatcher.read(SocketDispatcher.java:43) ~[?:?]
	at sun.nio.ch.IOUtil.readIntoNativeBuffer(IOUtil.java:223) ~[?:?]
	at sun.nio.ch.IOUtil.read(IOUtil.java:197) ~[?:?]
	at sun.nio.ch.SocketChannelImpl.read(SocketChannelImpl.java:380) ~[?:?]
	at io.netty.buffer.PooledHeapByteBuf.setBytes(PooledHeapByteBuf.java:261) ~[netty-buffer-4.1.11.Final.jar:4.1.11.Final]
	at io.netty.buffer.AbstractByteBuf.writeBytes(AbstractByteBuf.java:1100) ~[netty-buffer-4.1.11.Final.jar:4.1.11.Final]
	at io.netty.channel.socket.nio.NioSocketChannel.doReadBytes(NioSocketChannel.java:372) ~[netty-transport-4.1.11.Final.jar:4.1.11.Final]
	at io.netty.channel.nio.AbstractNioByteChannel$NioByteUnsafe.read(AbstractNioByteChannel.java:123) [netty-transport-4.1.11.Final.jar:4.1.11.Final]
	at io.netty.channel.nio.NioEventLoop.processSelectedKey(NioEventLoop.java:644) [netty-transport-4.1.11.Final.jar:4.1.11.Final]
	at io.netty.channel.nio.NioEventLoop.processSelectedKeysPlain(NioEventLoop.java:544) [netty-transport-4.1.11.Final.jar:4.1.11.Final]
	at io.netty.channel.nio.NioEventLoop.processSelectedKeys(NioEventLoop.java:498) [netty-transport-4.1.11.Final.jar:4.1.11.Final]
	at io.netty.channel.nio.NioEventLoop.run(NioEventLoop.java:458) [netty-transport-4.1.11.Final.jar:4.1.11.Final]
	at io.netty.util.concurrent.SingleThreadEventExecutor$5.run(SingleThreadEventExecutor.java:858) [netty-common-4.1.11.Final.jar:4.1.11.Final]
	at java.lang.Thread.run(Thread.java:745) [?:1.8.0_91]
[2020-12-18T22:45:48,034][WARN ][o.e.i.r.TransportDeleteByQueryAction] [s5efEs0] giving up on search because it failed with a non-retryable exception
org.elasticsearch.index.IndexNotFoundException: no such index
	at org.elasticsearch.cluster.metadata.IndexNameExpressionResolver$WildcardExpressionResolver.infe(IndexNameExpressionResolver.java:676) ~[elasticsearch-5.5.2.jar:5.5.2]
	at org.elasticsearch.cluster.metadata.IndexNameExpressionResolver$WildcardExpressionResolver.innerResolve(IndexNameExpressionResolver.java:630) ~[elasticsearch-5.5.2.jar:5.5.2]
	at org.elasticsearch.cluster.metadata.IndexNameExpressionResolver$WildcardExpressionResolver.resolve(IndexNameExpressionResolver.java:578) ~[elasticsearch-5.5.2.jar:5.5.2]
	at org.elasticsearch.cluster.metadata.IndexNameExpressionResolver.concreteIndices(IndexNameExpressionResolver.java:168) ~[elasticsearch-5.5.2.jar:5.5.2]
	at org.elasticsearch.cluster.metadata.IndexNameExpressionResolver.concreteIndices(IndexNameExpressionResolver.java:140) ~[elasticsearch-5.5.2.jar:5.5.2]
	at org.elasticsearch.action.search.TransportSearchAction.executeSearch(TransportSearchAction.java:263) ~[elasticsearch-5.5.2.jar:5.5.2]
	at org.elasticsearch.action.search.TransportSearchAction.doExecute(TransportSearchAction.java:186) ~[elasticsearch-5.5.2.jar:5.5.2]
	at org.elasticsearch.action.search.TransportSearchAction.doExecute(TransportSearchAction.java:65) ~[elasticsearch-5.5.2.jar:5.5.2]
	at org.elasticsearch.action.support.TransportAction$RequestFilterChain.proceed(TransportAction.java:170) ~[elasticsearch-5.5.2.jar:5.5.2]
	at org.elasticsearch.action.support.TransportAction.execute(TransportAction.java:142) ~[elasticsearch-5.5.2.jar:5.5.2]
	at org.elasticsearch.action.support.TransportAction.execute(TransportAction.java:84) ~[elasticsearch-5.5.2.jar:5.5.2]
	at org.elasticsearch.client.node.NodeClient.executeLocally(NodeClient.java:83) ~[elasticsearch-5.5.2.jar:5.5.2]
	at org.elasticsearch.client.node.NodeClient.doExecute(NodeClient.java:72) ~[elasticsearch-5.5.2.jar:5.5.2]
	at org.elasticsearch.client.support.AbstractClient.execute(AbstractClient.java:408) ~[elasticsearch-5.5.2.jar:5.5.2]
	at org.elasticsearch.client.FilterClient.doExecute(FilterClient.java:67) ~[elasticsearch-5.5.2.jar:5.5.2]
	at org.elasticsearch.client.ParentTaskAssigningClient.doExecute(ParentTaskAssigningClient.java:66) ~[elasticsearch-5.5.2.jar:5.5.2]
	at org.elasticsearch.client.support.AbstractClient.execute(AbstractClient.java:408) ~[elasticsearch-5.5.2.jar:5.5.2]
	at org.elasticsearch.client.support.AbstractClient.search(AbstractClient.java:535) ~[elasticsearch-5.5.2.jar:5.5.2]
	at org.elasticsearch.index.reindex.ClientScrollableHitSource.lambda$doStart$0(ClientScrollableHitSource.java:81) ~[elasticsearch-5.5.2.jar:5.5.2]
	at org.elasticsearch.index.reindex.ClientScrollableHitSource$1RetryHelper.doRun(ClientScrollableHitSource.java:146) ~[elasticsearch-5.5.2.jar:5.5.2]
	at org.elasticsearch.common.util.concurrent.AbstractRunnable.run(AbstractRunnable.java:37) ~[elasticsearch-5.5.2.jar:5.5.2]
	at org.elasticsearch.index.reindex.ClientScrollableHitSource.searchWithRetry(ClientScrollableHitSource.java:178) ~[elasticsearch-5.5.2.jar:5.5.2]
	at org.elasticsearch.index.reindex.ClientScrollableHitSource.doStart(ClientScrollableHitSource.java:81) ~[elasticsearch-5.5.2.jar:5.5.2]
	at org.elasticsearch.index.reindex.ScrollableHitSource.start(ScrollableHitSource.java:69) ~[elasticsearch-5.5.2.jar:5.5.2]
	at org.elasticsearch.index.reindex.AbstractAsyncBulkByScrollAction.start(AbstractAsyncBulkByScrollAction.java:246) ~[?:?]
	at org.elasticsearch.index.reindex.TransportDeleteByQueryAction.doExecute(TransportDeleteByQueryAction.java:61) ~[?:?]
	at org.elasticsearch.index.reindex.TransportDeleteByQueryAction.doExecute(TransportDeleteByQueryAction.java:37) ~[?:?]
	at org.elasticsearch.action.support.TransportAction$RequestFilterChain.proceed(TransportAction.java:170) ~[elasticsearch-5.5.2.jar:5.5.2]
	at org.elasticsearch.action.support.TransportAction.execute(TransportAction.java:142) ~[elasticsearch-5.5.2.jar:5.5.2]
	at org.elasticsearch.action.support.TransportAction.execute(TransportAction.java:84) ~[elasticsearch-5.5.2.jar:5.5.2]
	at org.elasticsearch.client.node.NodeClient.executeLocally(NodeClient.java:83) ~[elasticsearch-5.5.2.jar:5.5.2]
	at org.elasticsearch.index.reindex.AbstractBaseReindexRestHandler.lambda$doPrepareRequest$0(AbstractBaseReindexRestHandler.java:62) ~[?:?]
	at org.elasticsearch.rest.BaseRestHandler.handleRequest(BaseRestHandler.java:80) [elasticsearch-5.5.2.jar:5.5.2]
	at org.elasticsearch.rest.RestController.dispatchRequest(RestController.java:262) [elasticsearch-5.5.2.jar:5.5.2]
	at org.elasticsearch.rest.RestController.dispatchRequest(RestController.java:200) [elasticsearch-5.5.2.jar:5.5.2]
	at org.elasticsearch.http.netty4.Netty4HttpServerTransport.dispatchRequest(Netty4HttpServerTransport.java:505) [transport-netty4-5.5.2.jar:5.5.2]
	at org.elasticsearch.http.netty4.Netty4HttpRequestHandler.channelRead0(Netty4HttpRequestHandler.java:72) [transport-netty4-5.5.2.jar:5.5.2]
	at io.netty.channel.SimpleChannelInboundHandler.channelRead(SimpleChannelInboundHandler.java:105) [netty-transport-4.1.11.Final.jar:4.1.11.Final]
	at io.netty.channel.AbstractChannelHandlerContext.invokeChannelRead(AbstractChannelHandlerContext.java:362) [netty-transport-4.1.11.Final.jar:4.1.11.Final]
	at io.netty.channel.AbstractChannelHandlerContext.invokeChannelRead(AbstractChannelHandlerContext.java:348) [netty-transport-4.1.11.Final.jar:4.1.11.Final]
	at io.netty.channel.AbstractChannelHandlerContext.fireChannelRead(AbstractChannelHandlerContext.java:340) [netty-transport-4.1.11.Final.jar:4.1.11.Final]
	at org.elasticsearch.http.netty4.pipelining.HttpPipeliningHandler.channelRead(HttpPipeliningHandler.java:63) [transport-netty4-5.5.2.jar:5.5.2]
	at io.netty.channel.AbstractChannelHandlerContext.invokeChannelRead(AbstractChannelHandlerContext.java:362) [netty-transport-4.1.11.Final.jar:4.1.11.Final]
	at io.netty.channel.AbstractChannelHandlerContext.invokeChannelRead(AbstractChannelHandlerContext.java:348) [netty-transport-4.1.11.Final.jar:4.1.11.Final]
	at io.netty.channel.AbstractChannelHandlerContext.fireChannelRead(AbstractChannelHandlerContext.java:340) [netty-transport-4.1.11.Final.jar:4.1.11.Final]
	at io.netty.handler.codec.MessageToMessageDecoder.channelRead(MessageToMessageDecoder.java:102) [netty-codec-4.1.11.Final.jar:4.1.11.Final]
	at io.netty.handler.codec.MessageToMessageCodec.channelRead(MessageToMessageCodec.java:111) [netty-codec-4.1.11.Final.jar:4.1.11.Final]
	at io.netty.channel.AbstractChannelHandlerContext.invokeChannelRead(AbstractChannelHandlerContext.java:362) [netty-transport-4.1.11.Final.jar:4.1.11.Final]
	at io.netty.channel.AbstractChannelHandlerContext.invokeChannelRead(AbstractChannelHandlerContext.java:348) [netty-transport-4.1.11.Final.jar:4.1.11.Final]
	at io.netty.channel.AbstractChannelHandlerContext.fireChannelRead(AbstractChannelHandlerContext.java:340) [netty-transport-4.1.11.Final.jar:4.1.11.Final]
	at io.netty.handler.codec.MessageToMessageDecoder.channelRead(MessageToMessageDecoder.java:102) [netty-codec-4.1.11.Final.jar:4.1.11.Final]
	at io.netty.channel.AbstractChannelHandlerContext.invokeChannelRead(AbstractChannelHandlerContext.java:362) [netty-transport-4.1.11.Final.jar:4.1.11.Final]
	at io.netty.channel.AbstractChannelHandlerContext.invokeChannelRead(AbstractChannelHandlerContext.java:348) [netty-transport-4.1.11.Final.jar:4.1.11.Final]
	at io.netty.channel.AbstractChannelHandlerContext.fireChannelRead(AbstractChannelHandlerContext.java:340) [netty-transport-4.1.11.Final.jar:4.1.11.Final]
	at io.netty.handler.codec.MessageToMessageDecoder.channelRead(MessageToMessageDecoder.java:102) [netty-codec-4.1.11.Final.jar:4.1.11.Final]
	at io.netty.channel.AbstractChannelHandlerContext.invokeChannelRead(AbstractChannelHandlerContext.java:362) [netty-transport-4.1.11.Final.jar:4.1.11.Final]
	at io.netty.channel.AbstractChannelHandlerContext.invokeChannelRead(AbstractChannelHandlerContext.java:348) [netty-transport-4.1.11.Final.jar:4.1.11.Final]
	at io.netty.channel.AbstractChannelHandlerContext.fireChannelRead(AbstractChannelHandlerContext.java:340) [netty-transport-4.1.11.Final.jar:4.1.11.Final]
	at io.netty.handler.codec.ByteToMessageDecoder.fireChannelRead(ByteToMessageDecoder.java:310) [netty-codec-4.1.11.Final.jar:4.1.11.Final]
	at io.netty.handler.codec.ByteToMessageDecoder.channelRead(ByteToMessageDecoder.java:284) [netty-codec-4.1.11.Final.jar:4.1.11.Final]
	at io.netty.channel.AbstractChannelHandlerContext.invokeChannelRead(AbstractChannelHandlerContext.java:362) [netty-transport-4.1.11.Final.jar:4.1.11.Final]
	at io.netty.channel.AbstractChannelHandlerContext.invokeChannelRead(AbstractChannelHandlerContext.java:348) [netty-transport-4.1.11.Final.jar:4.1.11.Final]
	at io.netty.channel.AbstractChannelHandlerContext.fireChannelRead(AbstractChannelHandlerContext.java:340) [netty-transport-4.1.11.Final.jar:4.1.11.Final]
	at io.netty.channel.ChannelInboundHandlerAdapter.channelRead(ChannelInboundHandlerAdapter.java:86) [netty-transport-4.1.11.Final.jar:4.1.11.Final]
	at io.netty.channel.AbstractChannelHandlerContext.invokeChannelRead(AbstractChannelHandlerContext.java:362) [netty-transport-4.1.11.Final.jar:4.1.11.Final]
	at io.netty.channel.AbstractChannelHandlerContext.invokeChannelRead(AbstractChannelHandlerContext.java:348) [netty-transport-4.1.11.Final.jar:4.1.11.Final]
	at io.netty.channel.AbstractChannelHandlerContext.fireChannelRead(AbstractChannelHandlerContext.java:340) [netty-transport-4.1.11.Final.jar:4.1.11.Final]
	at io.netty.channel.DefaultChannelPipeline$HeadContext.channelRead(DefaultChannelPipeline.java:1334) [netty-transport-4.1.11.Final.jar:4.1.11.Final]
	at io.netty.channel.AbstractChannelHandlerContext.invokeChannelRead(AbstractChannelHandlerContext.java:362) [netty-transport-4.1.11.Final.jar:4.1.11.Final]
	at io.netty.channel.AbstractChannelHandlerContext.invokeChannelRead(AbstractChannelHandlerContext.java:348) [netty-transport-4.1.11.Final.jar:4.1.11.Final]
	at io.netty.channel.DefaultChannelPipeline.fireChannelRead(DefaultChannelPipeline.java:926) [netty-transport-4.1.11.Final.jar:4.1.11.Final]
	at io.netty.channel.nio.AbstractNioByteChannel$NioByteUnsafe.read(AbstractNioByteChannel.java:134) [netty-transport-4.1.11.Final.jar:4.1.11.Final]
	at io.netty.channel.nio.NioEventLoop.processSelectedKey(NioEventLoop.java:644) [netty-transport-4.1.11.Final.jar:4.1.11.Final]
	at io.netty.channel.nio.NioEventLoop.processSelectedKeysPlain(NioEventLoop.java:544) [netty-transport-4.1.11.Final.jar:4.1.11.Final]
	at io.netty.channel.nio.NioEventLoop.processSelectedKeys(NioEventLoop.java:498) [netty-transport-4.1.11.Final.jar:4.1.11.Final]
	at io.netty.channel.nio.NioEventLoop.run(NioEventLoop.java:458) [netty-transport-4.1.11.Final.jar:4.1.11.Final]
	at io.netty.util.concurrent.SingleThreadEventExecutor$5.run(SingleThreadEventExecutor.java:858) [netty-common-4.1.11.Final.jar:4.1.11.Final]
	at java.lang.Thread.run(Thread.java:745) [?:1.8.0_91]
[2020-12-18T22:45:53,133][WARN ][o.e.i.r.TransportDeleteByQueryAction] [s5efEs0] giving up on search because it failed with a non-retryable exception
org.elasticsearch.index.IndexNotFoundException: no such index
	at org.elasticsearch.cluster.metadata.IndexNameExpressionResolver$WildcardExpressionResolver.infe(IndexNameExpressionResolver.java:676) ~[elasticsearch-5.5.2.jar:5.5.2]
	at org.elasticsearch.cluster.metadata.IndexNameExpressionResolver$WildcardExpressionResolver.innerResolve(IndexNameExpressionResolver.java:630) ~[elasticsearch-5.5.2.jar:5.5.2]
	at org.elasticsearch.cluster.metadata.IndexNameExpressionResolver$WildcardExpressionResolver.resolve(IndexNameExpressionResolver.java:578) ~[elasticsearch-5.5.2.jar:5.5.2]
	at org.elasticsearch.cluster.metadata.IndexNameExpressionResolver.concreteIndices(IndexNameExpressionResolver.java:168) ~[elasticsearch-5.5.2.jar:5.5.2]
	at org.elasticsearch.cluster.metadata.IndexNameExpressionResolver.concreteIndices(IndexNameExpressionResolver.java:140) ~[elasticsearch-5.5.2.jar:5.5.2]
	at org.elasticsearch.action.search.TransportSearchAction.executeSearch(TransportSearchAction.java:263) ~[elasticsearch-5.5.2.jar:5.5.2]
	at org.elasticsearch.action.search.TransportSearchAction.doExecute(TransportSearchAction.java:186) ~[elasticsearch-5.5.2.jar:5.5.2]
	at org.elasticsearch.action.search.TransportSearchAction.doExecute(TransportSearchAction.java:65) ~[elasticsearch-5.5.2.jar:5.5.2]
	at org.elasticsearch.action.support.TransportAction$RequestFilterChain.proceed(TransportAction.java:170) ~[elasticsearch-5.5.2.jar:5.5.2]
	at org.elasticsearch.action.support.TransportAction.execute(TransportAction.java:142) ~[elasticsearch-5.5.2.jar:5.5.2]
	at org.elasticsearch.action.support.TransportAction.execute(TransportAction.java:84) ~[elasticsearch-5.5.2.jar:5.5.2]
	at org.elasticsearch.client.node.NodeClient.executeLocally(NodeClient.java:83) ~[elasticsearch-5.5.2.jar:5.5.2]
	at org.elasticsearch.client.node.NodeClient.doExecute(NodeClient.java:72) ~[elasticsearch-5.5.2.jar:5.5.2]
	at org.elasticsearch.client.support.AbstractClient.execute(AbstractClient.java:408) ~[elasticsearch-5.5.2.jar:5.5.2]
	at org.elasticsearch.client.FilterClient.doExecute(FilterClient.java:67) ~[elasticsearch-5.5.2.jar:5.5.2]
	at org.elasticsearch.client.ParentTaskAssigningClient.doExecute(ParentTaskAssigningClient.java:66) ~[elasticsearch-5.5.2.jar:5.5.2]
	at org.elasticsearch.client.support.AbstractClient.execute(AbstractClient.java:408) ~[elasticsearch-5.5.2.jar:5.5.2]
	at org.elasticsearch.client.support.AbstractClient.search(AbstractClient.java:535) ~[elasticsearch-5.5.2.jar:5.5.2]
	at org.elasticsearch.index.reindex.ClientScrollableHitSource.lambda$doStart$0(ClientScrollableHitSource.java:81) ~[elasticsearch-5.5.2.jar:5.5.2]
	at org.elasticsearch.index.reindex.ClientScrollableHitSource$1RetryHelper.doRun(ClientScrollableHitSource.java:146) ~[elasticsearch-5.5.2.jar:5.5.2]
	at org.elasticsearch.common.util.concurrent.AbstractRunnable.run(AbstractRunnable.java:37) ~[elasticsearch-5.5.2.jar:5.5.2]
	at org.elasticsearch.index.reindex.ClientScrollableHitSource.searchWithRetry(ClientScrollableHitSource.java:178) ~[elasticsearch-5.5.2.jar:5.5.2]
	at org.elasticsearch.index.reindex.ClientScrollableHitSource.doStart(ClientScrollableHitSource.java:81) ~[elasticsearch-5.5.2.jar:5.5.2]
	at org.elasticsearch.index.reindex.ScrollableHitSource.start(ScrollableHitSource.java:69) ~[elasticsearch-5.5.2.jar:5.5.2]
	at org.elasticsearch.index.reindex.AbstractAsyncBulkByScrollAction.start(AbstractAsyncBulkByScrollAction.java:246) ~[?:?]
	at org.elasticsearch.index.reindex.TransportDeleteByQueryAction.doExecute(TransportDeleteByQueryAction.java:61) ~[?:?]
	at org.elasticsearch.index.reindex.TransportDeleteByQueryAction.doExecute(TransportDeleteByQueryAction.java:37) ~[?:?]
	at org.elasticsearch.action.support.TransportAction$RequestFilterChain.proceed(TransportAction.java:170) ~[elasticsearch-5.5.2.jar:5.5.2]
	at org.elasticsearch.action.support.TransportAction.execute(TransportAction.java:142) ~[elasticsearch-5.5.2.jar:5.5.2]
	at org.elasticsearch.action.support.TransportAction.execute(TransportAction.java:84) ~[elasticsearch-5.5.2.jar:5.5.2]
	at org.elasticsearch.client.node.NodeClient.executeLocally(NodeClient.java:83) ~[elasticsearch-5.5.2.jar:5.5.2]
	at org.elasticsearch.index.reindex.AbstractBaseReindexRestHandler.lambda$doPrepareRequest$0(AbstractBaseReindexRestHandler.java:62) ~[?:?]
	at org.elasticsearch.rest.BaseRestHandler.handleRequest(BaseRestHandler.java:80) [elasticsearch-5.5.2.jar:5.5.2]
	at org.elasticsearch.rest.RestController.dispatchRequest(RestController.java:262) [elasticsearch-5.5.2.jar:5.5.2]
	at org.elasticsearch.rest.RestController.dispatchRequest(RestController.java:200) [elasticsearch-5.5.2.jar:5.5.2]
	at org.elasticsearch.http.netty4.Netty4HttpServerTransport.dispatchRequest(Netty4HttpServerTransport.java:505) [transport-netty4-5.5.2.jar:5.5.2]
	at org.elasticsearch.http.netty4.Netty4HttpRequestHandler.channelRead0(Netty4HttpRequestHandler.java:72) [transport-netty4-5.5.2.jar:5.5.2]
	at io.netty.channel.SimpleChannelInboundHandler.channelRead(SimpleChannelInboundHandler.java:105) [netty-transport-4.1.11.Final.jar:4.1.11.Final]
	at io.netty.channel.AbstractChannelHandlerContext.invokeChannelRead(AbstractChannelHandlerContext.java:362) [netty-transport-4.1.11.Final.jar:4.1.11.Final]
	at io.netty.channel.AbstractChannelHandlerContext.invokeChannelRead(AbstractChannelHandlerContext.java:348) [netty-transport-4.1.11.Final.jar:4.1.11.Final]
	at io.netty.channel.AbstractChannelHandlerContext.fireChannelRead(AbstractChannelHandlerContext.java:340) [netty-transport-4.1.11.Final.jar:4.1.11.Final]
	at org.elasticsearch.http.netty4.pipelining.HttpPipeliningHandler.channelRead(HttpPipeliningHandler.java:63) [transport-netty4-5.5.2.jar:5.5.2]
	at io.netty.channel.AbstractChannelHandlerContext.invokeChannelRead(AbstractChannelHandlerContext.java:362) [netty-transport-4.1.11.Final.jar:4.1.11.Final]
	at io.netty.channel.AbstractChannelHandlerContext.invokeChannelRead(AbstractChannelHandlerContext.java:348) [netty-transport-4.1.11.Final.jar:4.1.11.Final]
	at io.netty.channel.AbstractChannelHandlerContext.fireChannelRead(AbstractChannelHandlerContext.java:340) [netty-transport-4.1.11.Final.jar:4.1.11.Final]
	at io.netty.handler.codec.MessageToMessageDecoder.channelRead(MessageToMessageDecoder.java:102) [netty-codec-4.1.11.Final.jar:4.1.11.Final]
	at io.netty.handler.codec.MessageToMessageCodec.channelRead(MessageToMessageCodec.java:111) [netty-codec-4.1.11.Final.jar:4.1.11.Final]
	at io.netty.channel.AbstractChannelHandlerContext.invokeChannelRead(AbstractChannelHandlerContext.java:362) [netty-transport-4.1.11.Final.jar:4.1.11.Final]
	at io.netty.channel.AbstractChannelHandlerContext.invokeChannelRead(AbstractChannelHandlerContext.java:348) [netty-transport-4.1.11.Final.jar:4.1.11.Final]
	at io.netty.channel.AbstractChannelHandlerContext.fireChannelRead(AbstractChannelHandlerContext.java:340) [netty-transport-4.1.11.Final.jar:4.1.11.Final]
	at io.netty.handler.codec.MessageToMessageDecoder.channelRead(MessageToMessageDecoder.java:102) [netty-codec-4.1.11.Final.jar:4.1.11.Final]
	at io.netty.channel.AbstractChannelHandlerContext.invokeChannelRead(AbstractChannelHandlerContext.java:362) [netty-transport-4.1.11.Final.jar:4.1.11.Final]
	at io.netty.channel.AbstractChannelHandlerContext.invokeChannelRead(AbstractChannelHandlerContext.java:348) [netty-transport-4.1.11.Final.jar:4.1.11.Final]
	at io.netty.channel.AbstractChannelHandlerContext.fireChannelRead(AbstractChannelHandlerContext.java:340) [netty-transport-4.1.11.Final.jar:4.1.11.Final]
	at io.netty.handler.codec.MessageToMessageDecoder.channelRead(MessageToMessageDecoder.java:102) [netty-codec-4.1.11.Final.jar:4.1.11.Final]
	at io.netty.channel.AbstractChannelHandlerContext.invokeChannelRead(AbstractChannelHandlerContext.java:362) [netty-transport-4.1.11.Final.jar:4.1.11.Final]
	at io.netty.channel.AbstractChannelHandlerContext.invokeChannelRead(AbstractChannelHandlerContext.java:348) [netty-transport-4.1.11.Final.jar:4.1.11.Final]
	at io.netty.channel.AbstractChannelHandlerContext.fireChannelRead(AbstractChannelHandlerContext.java:340) [netty-transport-4.1.11.Final.jar:4.1.11.Final]
	at io.netty.handler.codec.ByteToMessageDecoder.fireChannelRead(ByteToMessageDecoder.java:310) [netty-codec-4.1.11.Final.jar:4.1.11.Final]
	at io.netty.handler.codec.ByteToMessageDecoder.channelRead(ByteToMessageDecoder.java:284) [netty-codec-4.1.11.Final.jar:4.1.11.Final]
	at io.netty.channel.AbstractChannelHandlerContext.invokeChannelRead(AbstractChannelHandlerContext.java:362) [netty-transport-4.1.11.Final.jar:4.1.11.Final]
	at io.netty.channel.AbstractChannelHandlerContext.invokeChannelRead(AbstractChannelHandlerContext.java:348) [netty-transport-4.1.11.Final.jar:4.1.11.Final]
	at io.netty.channel.AbstractChannelHandlerContext.fireChannelRead(AbstractChannelHandlerContext.java:340) [netty-transport-4.1.11.Final.jar:4.1.11.Final]
	at io.netty.channel.ChannelInboundHandlerAdapter.channelRead(ChannelInboundHandlerAdapter.java:86) [netty-transport-4.1.11.Final.jar:4.1.11.Final]
	at io.netty.channel.AbstractChannelHandlerContext.invokeChannelRead(AbstractChannelHandlerContext.java:362) [netty-transport-4.1.11.Final.jar:4.1.11.Final]
	at io.netty.channel.AbstractChannelHandlerContext.invokeChannelRead(AbstractChannelHandlerContext.java:348) [netty-transport-4.1.11.Final.jar:4.1.11.Final]
	at io.netty.channel.AbstractChannelHandlerContext.fireChannelRead(AbstractChannelHandlerContext.java:340) [netty-transport-4.1.11.Final.jar:4.1.11.Final]
	at io.netty.channel.DefaultChannelPipeline$HeadContext.channelRead(DefaultChannelPipeline.java:1334) [netty-transport-4.1.11.Final.jar:4.1.11.Final]
	at io.netty.channel.AbstractChannelHandlerContext.invokeChannelRead(AbstractChannelHandlerContext.java:362) [netty-transport-4.1.11.Final.jar:4.1.11.Final]
	at io.netty.channel.AbstractChannelHandlerContext.invokeChannelRead(AbstractChannelHandlerContext.java:348) [netty-transport-4.1.11.Final.jar:4.1.11.Final]
	at io.netty.channel.DefaultChannelPipeline.fireChannelRead(DefaultChannelPipeline.java:926) [netty-transport-4.1.11.Final.jar:4.1.11.Final]
	at io.netty.channel.nio.AbstractNioByteChannel$NioByteUnsafe.read(AbstractNioByteChannel.java:134) [netty-transport-4.1.11.Final.jar:4.1.11.Final]
	at io.netty.channel.nio.NioEventLoop.processSelectedKey(NioEventLoop.java:644) [netty-transport-4.1.11.Final.jar:4.1.11.Final]
	at io.netty.channel.nio.NioEventLoop.processSelectedKeysPlain(NioEventLoop.java:544) [netty-transport-4.1.11.Final.jar:4.1.11.Final]
	at io.netty.channel.nio.NioEventLoop.processSelectedKeys(NioEventLoop.java:498) [netty-transport-4.1.11.Final.jar:4.1.11.Final]
	at io.netty.channel.nio.NioEventLoop.run(NioEventLoop.java:458) [netty-transport-4.1.11.Final.jar:4.1.11.Final]
	at io.netty.util.concurrent.SingleThreadEventExecutor$5.run(SingleThreadEventExecutor.java:858) [netty-common-4.1.11.Final.jar:4.1.11.Final]
	at java.lang.Thread.run(Thread.java:745) [?:1.8.0_91]
